<?xml version="1.0" encoding="UTF-8"?>
<testsuite xmlns:xsi="http://www.w3.org/2001/XMLSchema-instance" xsi:noNamespaceSchemaLocation="https://maven.apache.org/surefire/maven-surefire-plugin/xsd/surefire-test-report.xsd" name="homework4.DuckDuckGo_Test" time="6.376" tests="1" errors="0" skipped="0" failures="0">
  <properties/>
  <testcase name="testCheckDDC" classname="homework4.DuckDuckGo_Test" time="5.583"/>
</testsuite>